d:\testagorarepo\video-sdk-samples-windows\custom_audio_and_video\x64\debug\vc143.pdb
d:\testagorarepo\video-sdk-samples-windows\custom_audio_and_video\x64\debug\vc143.idb
d:\testagorarepo\video-sdk-samples-windows\custom_audio_and_video\x64\debug\main.obj
d:\testagorarepo\video-sdk-samples-windows\custom_audio_and_video\x64\debug\custom_audio_and_video.obj
d:\testagorarepo\video-sdk-samples-windows\agora_manager\x64\debug\tinyxml2.dll
d:\testagorarepo\video-sdk-samples-windows\agora_manager\x64\debug\jpeg62.dll
d:\testagorarepo\video-sdk-samples-windows\agora_manager\x64\debug\libwebpdecoder.dll
d:\testagorarepo\video-sdk-samples-windows\agora_manager\x64\debug\libwebp.dll
d:\testagorarepo\video-sdk-samples-windows\agora_manager\x64\debug\libsharpyuv.dll
d:\testagorarepo\video-sdk-samples-windows\agora_manager\x64\debug\liblzma.dll
d:\testagorarepo\video-sdk-samples-windows\agora_manager\x64\debug\avformat-59.dll
d:\testagorarepo\video-sdk-samples-windows\agora_manager\x64\debug\avcodec-59.dll
d:\testagorarepo\video-sdk-samples-windows\agora_manager\x64\debug\swresample-4.dll
d:\testagorarepo\video-sdk-samples-windows\agora_manager\x64\debug\avutil-57.dll
d:\testagorarepo\video-sdk-samples-windows\agora_manager\x64\debug\swscale-6.dll
d:\testagorarepo\video-sdk-samples-windows\agora_manager\x64\debug\opencv_core4d.dll
d:\testagorarepo\video-sdk-samples-windows\agora_manager\x64\debug\zlibd1.dll
d:\testagorarepo\video-sdk-samples-windows\agora_manager\x64\debug\opencv_imgproc4d.dll
d:\testagorarepo\video-sdk-samples-windows\agora_manager\x64\debug\opencv_videoio4d.dll
d:\testagorarepo\video-sdk-samples-windows\agora_manager\x64\debug\opencv_imgcodecs4d.dll
d:\testagorarepo\video-sdk-samples-windows\agora_manager\x64\debug\libpng16d.dll
d:\testagorarepo\video-sdk-samples-windows\agora_manager\x64\debug\tiffd.dll
d:\testagorarepo\video-sdk-samples-windows\agora_manager\x64\debug\custom_audio_and_video.exe
d:\testagorarepo\video-sdk-samples-windows\custom_audio_and_video\x64\debug\custom_audio_and_video.ilk
d:\testagorarepo\video-sdk-samples-windows\agora_manager\x64\debug\custom_audio_and_video.pdb
d:\testagorarepo\video-sdk-samples-windows\custom_audio_and_video\x64\debug\custom_a.41c78778.tlog\cl.command.1.tlog
d:\testagorarepo\video-sdk-samples-windows\custom_audio_and_video\x64\debug\custom_a.41c78778.tlog\cl.read.1.tlog
d:\testagorarepo\video-sdk-samples-windows\custom_audio_and_video\x64\debug\custom_a.41c78778.tlog\cl.write.1.tlog
d:\testagorarepo\video-sdk-samples-windows\custom_audio_and_video\x64\debug\custom_a.41c78778.tlog\custom_audio_and_video.write.1u.tlog
d:\testagorarepo\video-sdk-samples-windows\custom_audio_and_video\x64\debug\custom_a.41c78778.tlog\link.command.1.tlog
d:\testagorarepo\video-sdk-samples-windows\custom_audio_and_video\x64\debug\custom_a.41c78778.tlog\link.read.1.tlog
d:\testagorarepo\video-sdk-samples-windows\custom_audio_and_video\x64\debug\custom_a.41c78778.tlog\link.write.1.tlog
